2021-05-07 03:09:47.023  INFO 12460 --- [main] c.e.CoinAPI.CoinApiApplicationTests      : Starting CoinApiApplicationTests using Java 15.0.2 on DESKTOP-JLVVGSI with PID 12460 (started by mrira in C:\Users\mrira\IdeaProjects\CoinAPI)
2021-05-07 03:09:47.028  INFO 12460 --- [main] c.e.CoinAPI.CoinApiApplicationTests      : No active profile set, falling back to default profiles: default
2021-05-07 03:09:47.608  INFO 12460 --- [main] .s.d.r.c.RepositoryConfigurationDelegate : Bootstrapping Spring Data JPA repositories in DEFAULT mode.
2021-05-07 03:09:47.658  INFO 12460 --- [main] .s.d.r.c.RepositoryConfigurationDelegate : Finished Spring Data repository scanning in 42 ms. Found 1 JPA repository interfaces.
2021-05-07 03:09:48.118  INFO 12460 --- [main] com.zaxxer.hikari.HikariDataSource       : HikariPool-1 - Starting...
2021-05-07 03:09:48.328  INFO 12460 --- [main] com.zaxxer.hikari.HikariDataSource       : HikariPool-1 - Start completed.
2021-05-07 03:09:48.388  INFO 12460 --- [main] o.hibernate.jpa.internal.util.LogHelper  : HHH000204: Processing PersistenceUnitInfo [name: default]
2021-05-07 03:09:48.458  INFO 12460 --- [main] org.hibernate.Version                    : HHH000412: Hibernate ORM core version 5.4.30.Final
2021-05-07 03:09:48.618  INFO 12460 --- [main] o.hibernate.annotations.common.Version   : HCANN000001: Hibernate Commons Annotations {5.1.2.Final}
2021-05-07 03:09:48.758  INFO 12460 --- [main] org.hibernate.dialect.Dialect            : HHH000400: Using dialect: org.hibernate.dialect.H2Dialect
2021-05-07 03:09:49.263  INFO 12460 --- [main] o.h.e.t.j.p.i.JtaPlatformInitiator       : HHH000490: Using JtaPlatform implementation: [org.hibernate.engine.transaction.jta.platform.internal.NoJtaPlatform]
2021-05-07 03:09:49.268  INFO 12460 --- [main] j.LocalContainerEntityManagerFactoryBean : Initialized JPA EntityManagerFactory for persistence unit 'default'
2021-05-07 03:09:49.692  WARN 12460 --- [main] JpaBaseConfiguration$JpaWebConfiguration : spring.jpa.open-in-view is enabled by default. Therefore, database queries may be performed during view rendering. Explicitly configure spring.jpa.open-in-view to disable this warning
2021-05-07 03:09:49.878  INFO 12460 --- [main] o.s.s.concurrent.ThreadPoolTaskExecutor  : Initializing ExecutorService 'applicationTaskExecutor'
2021-05-07 03:09:50.158  INFO 12460 --- [main] o.s.b.t.m.w.SpringBootMockServletContext : Initializing Spring TestDispatcherServlet ''
2021-05-07 03:09:50.158  INFO 12460 --- [main] o.s.t.web.servlet.TestDispatcherServlet  : Initializing Servlet ''
2021-05-07 03:09:50.158  INFO 12460 --- [main] o.s.t.web.servlet.TestDispatcherServlet  : Completed initialization in 0 ms
2021-05-07 03:09:50.193  INFO 12460 --- [main] c.e.CoinAPI.CoinApiApplicationTests      : Started CoinApiApplicationTests in 3.462 seconds (JVM running for 4.466)
2021-05-07 03:09:50.238  INFO 12460 --- [main] c.e.CoinAPI.controller.CoinController    : Loading Coin{id=1, name='Bitcoin', ticker='BTC', numOfCoins=16770000, marketCap=189580000000}
2021-05-07 03:09:50.238  INFO 12460 --- [main] c.e.CoinAPI.controller.CoinController    : Loading Coin{id=2, name='Ethereum', ticker='ETH', numOfCoins=96710000, marketCap=69280000000}
2021-05-07 03:09:50.238  INFO 12460 --- [main] c.e.CoinAPI.controller.CoinController    : Loading Coin{id=3, name='Ripple', ticker='XRP', numOfCoins=38590000, marketCap=64750000000}
2021-05-07 03:09:50.243  INFO 12460 --- [main] c.e.CoinAPI.controller.CoinController    : Loading Coin{id=4, name='BitcoinCash', ticker='BCH', numOfCoins=16670000, marketCap=69020000000}
2021-05-07 03:09:50.528  INFO 12460 --- [SpringContextShutdownHook] o.s.s.concurrent.ThreadPoolTaskExecutor  : Shutting down ExecutorService 'applicationTaskExecutor'
2021-05-07 03:09:50.528  INFO 12460 --- [SpringContextShutdownHook] j.LocalContainerEntityManagerFactoryBean : Closing JPA EntityManagerFactory for persistence unit 'default'
2021-05-07 03:09:50.528  INFO 12460 --- [SpringContextShutdownHook] .SchemaDropperImpl$DelayedDropActionImpl : HHH000477: Starting delayed evictData of schema as part of SessionFactory shut-down'
2021-05-07 03:09:50.533  INFO 12460 --- [SpringContextShutdownHook] com.zaxxer.hikari.HikariDataSource       : HikariPool-1 - Shutdown initiated...
2021-05-07 03:09:50.533  INFO 12460 --- [SpringContextShutdownHook] com.zaxxer.hikari.HikariDataSource       : HikariPool-1 - Shutdown completed.
2021-05-07 03:10:10.498  INFO 14720 --- [main] c.e.CoinAPI.CoinApiApplicationTests      : Starting CoinApiApplicationTests using Java 15.0.2 on DESKTOP-JLVVGSI with PID 14720 (started by mrira in C:\Users\mrira\IdeaProjects\CoinAPI)
2021-05-07 03:10:10.498  INFO 14720 --- [main] c.e.CoinAPI.CoinApiApplicationTests      : No active profile set, falling back to default profiles: default
2021-05-07 03:10:11.048  INFO 14720 --- [main] .s.d.r.c.RepositoryConfigurationDelegate : Bootstrapping Spring Data JPA repositories in DEFAULT mode.
2021-05-07 03:10:11.098  INFO 14720 --- [main] .s.d.r.c.RepositoryConfigurationDelegate : Finished Spring Data repository scanning in 37 ms. Found 1 JPA repository interfaces.
2021-05-07 03:10:11.538  INFO 14720 --- [main] com.zaxxer.hikari.HikariDataSource       : HikariPool-1 - Starting...
2021-05-07 03:10:11.693  INFO 14720 --- [main] com.zaxxer.hikari.HikariDataSource       : HikariPool-1 - Start completed.
2021-05-07 03:10:11.748  INFO 14720 --- [main] o.hibernate.jpa.internal.util.LogHelper  : HHH000204: Processing PersistenceUnitInfo [name: default]
2021-05-07 03:10:11.803  INFO 14720 --- [main] org.hibernate.Version                    : HHH000412: Hibernate ORM core version 5.4.30.Final
2021-05-07 03:10:11.918  INFO 14720 --- [main] o.hibernate.annotations.common.Version   : HCANN000001: Hibernate Commons Annotations {5.1.2.Final}
2021-05-07 03:10:12.053  INFO 14720 --- [main] org.hibernate.dialect.Dialect            : HHH000400: Using dialect: org.hibernate.dialect.H2Dialect
2021-05-07 03:10:12.528  INFO 14720 --- [main] o.h.e.t.j.p.i.JtaPlatformInitiator       : HHH000490: Using JtaPlatform implementation: [org.hibernate.engine.transaction.jta.platform.internal.NoJtaPlatform]
2021-05-07 03:10:12.538  INFO 14720 --- [main] j.LocalContainerEntityManagerFactoryBean : Initialized JPA EntityManagerFactory for persistence unit 'default'
2021-05-07 03:10:12.938  WARN 14720 --- [main] JpaBaseConfiguration$JpaWebConfiguration : spring.jpa.open-in-view is enabled by default. Therefore, database queries may be performed during view rendering. Explicitly configure spring.jpa.open-in-view to disable this warning
2021-05-07 03:10:13.118  INFO 14720 --- [main] o.s.s.concurrent.ThreadPoolTaskExecutor  : Initializing ExecutorService 'applicationTaskExecutor'
2021-05-07 03:10:13.413  INFO 14720 --- [main] o.s.b.t.m.w.SpringBootMockServletContext : Initializing Spring TestDispatcherServlet ''
2021-05-07 03:10:13.413  INFO 14720 --- [main] o.s.t.web.servlet.TestDispatcherServlet  : Initializing Servlet ''
2021-05-07 03:10:13.413  INFO 14720 --- [main] o.s.t.web.servlet.TestDispatcherServlet  : Completed initialization in 0 ms
2021-05-07 03:10:13.443  INFO 14720 --- [main] c.e.CoinAPI.CoinApiApplicationTests      : Started CoinApiApplicationTests in 3.195 seconds (JVM running for 4.095)
2021-05-07 03:10:13.488  INFO 14720 --- [main] c.e.CoinAPI.controller.CoinController    : Loading Coin{id=1, name='Bitcoin', ticker='BTC', numOfCoins=16770000, marketCap=189580000000}
2021-05-07 03:10:13.488  INFO 14720 --- [main] c.e.CoinAPI.controller.CoinController    : Loading Coin{id=2, name='Ethereum', ticker='ETH', numOfCoins=96710000, marketCap=69280000000}
2021-05-07 03:10:13.498  INFO 14720 --- [main] c.e.CoinAPI.controller.CoinController    : Loading Coin{id=3, name='Ripple', ticker='XRP', numOfCoins=38590000, marketCap=64750000000}
2021-05-07 03:10:13.498  INFO 14720 --- [main] c.e.CoinAPI.controller.CoinController    : Loading Coin{id=4, name='BitcoinCash', ticker='BCH', numOfCoins=16670000, marketCap=69020000000}
2021-05-07 03:10:13.753  INFO 14720 --- [SpringContextShutdownHook] o.s.s.concurrent.ThreadPoolTaskExecutor  : Shutting down ExecutorService 'applicationTaskExecutor'
2021-05-07 03:10:13.758  INFO 14720 --- [SpringContextShutdownHook] j.LocalContainerEntityManagerFactoryBean : Closing JPA EntityManagerFactory for persistence unit 'default'
2021-05-07 03:10:13.758  INFO 14720 --- [SpringContextShutdownHook] .SchemaDropperImpl$DelayedDropActionImpl : HHH000477: Starting delayed evictData of schema as part of SessionFactory shut-down'
2021-05-07 03:10:13.758  INFO 14720 --- [SpringContextShutdownHook] com.zaxxer.hikari.HikariDataSource       : HikariPool-1 - Shutdown initiated...
2021-05-07 03:10:13.758  INFO 14720 --- [SpringContextShutdownHook] com.zaxxer.hikari.HikariDataSource       : HikariPool-1 - Shutdown completed.
2021-05-07 03:11:11.248  INFO 17380 --- [main] c.e.CoinAPI.CoinApiApplicationTests      : Starting CoinApiApplicationTests using Java 15.0.2 on DESKTOP-JLVVGSI with PID 17380 (started by mrira in C:\Users\mrira\IdeaProjects\CoinAPI)
2021-05-07 03:11:11.250  INFO 17380 --- [main] c.e.CoinAPI.CoinApiApplicationTests      : No active profile set, falling back to default profiles: default
2021-05-07 03:11:11.768  INFO 17380 --- [main] .s.d.r.c.RepositoryConfigurationDelegate : Bootstrapping Spring Data JPA repositories in DEFAULT mode.
2021-05-07 03:11:11.813  INFO 17380 --- [main] .s.d.r.c.RepositoryConfigurationDelegate : Finished Spring Data repository scanning in 38 ms. Found 1 JPA repository interfaces.
2021-05-07 03:11:12.263  INFO 17380 --- [main] com.zaxxer.hikari.HikariDataSource       : HikariPool-1 - Starting...
2021-05-07 03:11:12.418  INFO 17380 --- [main] com.zaxxer.hikari.HikariDataSource       : HikariPool-1 - Start completed.
2021-05-07 03:11:12.478  INFO 17380 --- [main] o.hibernate.jpa.internal.util.LogHelper  : HHH000204: Processing PersistenceUnitInfo [name: default]
2021-05-07 03:11:12.528  INFO 17380 --- [main] org.hibernate.Version                    : HHH000412: Hibernate ORM core version 5.4.30.Final
2021-05-07 03:11:12.650  INFO 17380 --- [main] o.hibernate.annotations.common.Version   : HCANN000001: Hibernate Commons Annotations {5.1.2.Final}
2021-05-07 03:11:12.783  INFO 17380 --- [main] org.hibernate.dialect.Dialect            : HHH000400: Using dialect: org.hibernate.dialect.H2Dialect
2021-05-07 03:11:13.238  INFO 17380 --- [main] o.h.e.t.j.p.i.JtaPlatformInitiator       : HHH000490: Using JtaPlatform implementation: [org.hibernate.engine.transaction.jta.platform.internal.NoJtaPlatform]
2021-05-07 03:11:13.246  INFO 17380 --- [main] j.LocalContainerEntityManagerFactoryBean : Initialized JPA EntityManagerFactory for persistence unit 'default'
2021-05-07 03:11:13.642  WARN 17380 --- [main] JpaBaseConfiguration$JpaWebConfiguration : spring.jpa.open-in-view is enabled by default. Therefore, database queries may be performed during view rendering. Explicitly configure spring.jpa.open-in-view to disable this warning
2021-05-07 03:11:13.812  INFO 17380 --- [main] o.s.s.concurrent.ThreadPoolTaskExecutor  : Initializing ExecutorService 'applicationTaskExecutor'
2021-05-07 03:11:14.088  INFO 17380 --- [main] o.s.b.t.m.w.SpringBootMockServletContext : Initializing Spring TestDispatcherServlet ''
2021-05-07 03:11:14.088  INFO 17380 --- [main] o.s.t.web.servlet.TestDispatcherServlet  : Initializing Servlet ''
2021-05-07 03:11:14.093  INFO 17380 --- [main] o.s.t.web.servlet.TestDispatcherServlet  : Completed initialization in 5 ms
2021-05-07 03:11:14.118  INFO 17380 --- [main] c.e.CoinAPI.CoinApiApplicationTests      : Started CoinApiApplicationTests in 3.115 seconds (JVM running for 4.022)
2021-05-07 03:11:14.166  INFO 17380 --- [main] c.e.CoinAPI.controller.CoinController    : Loading Coin{id=1, name='Bitcoin', ticker='BTC', numOfCoins=16770000, marketCap=189580000000}
2021-05-07 03:11:14.168  INFO 17380 --- [main] c.e.CoinAPI.controller.CoinController    : Loading Coin{id=2, name='Ethereum', ticker='ETH', numOfCoins=96710000, marketCap=69280000000}
2021-05-07 03:11:14.168  INFO 17380 --- [main] c.e.CoinAPI.controller.CoinController    : Loading Coin{id=3, name='Ripple', ticker='XRP', numOfCoins=38590000, marketCap=64750000000}
2021-05-07 03:11:14.168  INFO 17380 --- [main] c.e.CoinAPI.controller.CoinController    : Loading Coin{id=4, name='BitcoinCash', ticker='BCH', numOfCoins=16670000, marketCap=69020000000}
2021-05-07 03:11:14.430  INFO 17380 --- [SpringContextShutdownHook] o.s.s.concurrent.ThreadPoolTaskExecutor  : Shutting down ExecutorService 'applicationTaskExecutor'
2021-05-07 03:11:14.430  INFO 17380 --- [SpringContextShutdownHook] j.LocalContainerEntityManagerFactoryBean : Closing JPA EntityManagerFactory for persistence unit 'default'
2021-05-07 03:11:14.430  INFO 17380 --- [SpringContextShutdownHook] .SchemaDropperImpl$DelayedDropActionImpl : HHH000477: Starting delayed evictData of schema as part of SessionFactory shut-down'
2021-05-07 03:11:14.438  INFO 17380 --- [SpringContextShutdownHook] com.zaxxer.hikari.HikariDataSource       : HikariPool-1 - Shutdown initiated...
2021-05-07 03:11:14.441  INFO 17380 --- [SpringContextShutdownHook] com.zaxxer.hikari.HikariDataSource       : HikariPool-1 - Shutdown completed.
2021-05-07 03:11:45.348  INFO 7272 --- [main] c.e.CoinAPI.CoinApiApplicationTests      : Starting CoinApiApplicationTests using Java 15.0.2 on DESKTOP-JLVVGSI with PID 7272 (started by mrira in C:\Users\mrira\IdeaProjects\CoinAPI)
2021-05-07 03:11:45.348  INFO 7272 --- [main] c.e.CoinAPI.CoinApiApplicationTests      : No active profile set, falling back to default profiles: default
2021-05-07 03:11:45.848  INFO 7272 --- [main] .s.d.r.c.RepositoryConfigurationDelegate : Bootstrapping Spring Data JPA repositories in DEFAULT mode.
2021-05-07 03:11:45.890  INFO 7272 --- [main] .s.d.r.c.RepositoryConfigurationDelegate : Finished Spring Data repository scanning in 37 ms. Found 1 JPA repository interfaces.
2021-05-07 03:11:46.353  INFO 7272 --- [main] com.zaxxer.hikari.HikariDataSource       : HikariPool-1 - Starting...
2021-05-07 03:11:46.508  INFO 7272 --- [main] com.zaxxer.hikari.HikariDataSource       : HikariPool-1 - Start completed.
2021-05-07 03:11:46.562  INFO 7272 --- [main] o.hibernate.jpa.internal.util.LogHelper  : HHH000204: Processing PersistenceUnitInfo [name: default]
2021-05-07 03:11:46.608  INFO 7272 --- [main] org.hibernate.Version                    : HHH000412: Hibernate ORM core version 5.4.30.Final
2021-05-07 03:11:46.743  INFO 7272 --- [main] o.hibernate.annotations.common.Version   : HCANN000001: Hibernate Commons Annotations {5.1.2.Final}
2021-05-07 03:11:46.868  INFO 7272 --- [main] org.hibernate.dialect.Dialect            : HHH000400: Using dialect: org.hibernate.dialect.H2Dialect
2021-05-07 03:11:47.343  INFO 7272 --- [main] o.h.e.t.j.p.i.JtaPlatformInitiator       : HHH000490: Using JtaPlatform implementation: [org.hibernate.engine.transaction.jta.platform.internal.NoJtaPlatform]
2021-05-07 03:11:47.353  INFO 7272 --- [main] j.LocalContainerEntityManagerFactoryBean : Initialized JPA EntityManagerFactory for persistence unit 'default'
2021-05-07 03:11:47.753  WARN 7272 --- [main] JpaBaseConfiguration$JpaWebConfiguration : spring.jpa.open-in-view is enabled by default. Therefore, database queries may be performed during view rendering. Explicitly configure spring.jpa.open-in-view to disable this warning
2021-05-07 03:11:47.918  INFO 7272 --- [main] o.s.s.concurrent.ThreadPoolTaskExecutor  : Initializing ExecutorService 'applicationTaskExecutor'
2021-05-07 03:11:48.208  INFO 7272 --- [main] o.s.b.t.m.w.SpringBootMockServletContext : Initializing Spring TestDispatcherServlet ''
2021-05-07 03:11:48.208  INFO 7272 --- [main] o.s.t.web.servlet.TestDispatcherServlet  : Initializing Servlet ''
2021-05-07 03:11:48.213  INFO 7272 --- [main] o.s.t.web.servlet.TestDispatcherServlet  : Completed initialization in 5 ms
2021-05-07 03:11:48.238  INFO 7272 --- [main] c.e.CoinAPI.CoinApiApplicationTests      : Started CoinApiApplicationTests in 3.134 seconds (JVM running for 4.033)
2021-05-07 03:11:48.283  INFO 7272 --- [main] c.e.CoinAPI.controller.CoinController    : Loading Coin{id=1, name='Bitcoin', ticker='BTC', numOfCoins=16770000, marketCap=189580000000}
2021-05-07 03:11:48.283  INFO 7272 --- [main] c.e.CoinAPI.controller.CoinController    : Loading Coin{id=2, name='Ethereum', ticker='ETH', numOfCoins=96710000, marketCap=69280000000}
2021-05-07 03:11:48.288  INFO 7272 --- [main] c.e.CoinAPI.controller.CoinController    : Loading Coin{id=3, name='Ripple', ticker='XRP', numOfCoins=38590000, marketCap=64750000000}
2021-05-07 03:11:48.288  INFO 7272 --- [main] c.e.CoinAPI.controller.CoinController    : Loading Coin{id=4, name='BitcoinCash', ticker='BCH', numOfCoins=16670000, marketCap=69020000000}
2021-05-07 03:11:48.573  INFO 7272 --- [SpringContextShutdownHook] o.s.s.concurrent.ThreadPoolTaskExecutor  : Shutting down ExecutorService 'applicationTaskExecutor'
2021-05-07 03:11:48.578  INFO 7272 --- [SpringContextShutdownHook] j.LocalContainerEntityManagerFactoryBean : Closing JPA EntityManagerFactory for persistence unit 'default'
2021-05-07 03:11:48.578  INFO 7272 --- [SpringContextShutdownHook] .SchemaDropperImpl$DelayedDropActionImpl : HHH000477: Starting delayed evictData of schema as part of SessionFactory shut-down'
2021-05-07 03:11:48.578  INFO 7272 --- [SpringContextShutdownHook] com.zaxxer.hikari.HikariDataSource       : HikariPool-1 - Shutdown initiated...
2021-05-07 03:11:48.578  INFO 7272 --- [SpringContextShutdownHook] com.zaxxer.hikari.HikariDataSource       : HikariPool-1 - Shutdown completed.
